#
# There is insufficient memory for the Java Runtime Environment to continue.
# Native memory allocation (malloc) failed to allocate 2014160 bytes for Chunk::new
# Possible reasons:
#   The system is out of physical RAM or swap space
#   The process is running with CompressedOops enabled, and the Java Heap may be blocking the growth of the native heap
# Possible solutions:
#   Reduce memory load on the system
#   Increase physical memory or swap space
#   Check if swap backing store is full
#   Decrease Java heap size (-Xmx/-Xms)
#   Decrease number of Java threads
#   Decrease Java thread stack sizes (-Xss)
#   Set larger code cache with -XX:ReservedCodeCacheSize=
#   JVM is running with Unscaled Compressed Oops mode in which the Java heap is
#     placed in the first 4GB address space. The Java Heap base address is the
#     maximum limit for the native heap growth. Please use -XX:HeapBaseMinAddress
#     to set the Java Heap base and to place the Java Heap above 4GB virtual address.
# This output file may be truncated or incomplete.
#
#  Out of Memory Error (arena.cpp:189), pid=24388, tid=1812
#
# JRE version: Java(TM) SE Runtime Environment (17.0.11+7) (build 17.0.11+7-LTS-207)
# Java VM: Java HotSpot(TM) 64-Bit Server VM (17.0.11+7-LTS-207, mixed mode, sharing, tiered, compressed oops, compressed class ptrs, g1 gc, windows-amd64)
# No core dump will be written. Minidumps are not enabled by default on client versions of Windows
#

---------------  S U M M A R Y ------------

Command Line: -Dcom.sun.management.jmxremote -Dcom.sun.management.jmxremote.port=62834 -Dcom.sun.management.jmxremote.authenticate=false -Dcom.sun.management.jmxremote.ssl=false -Dspring.jmx.enabled=true -Djava.rmi.server.hostname=localhost -Dspring.application.admin.enabled=true -Dspring.boot.project.name=loja -XX:+ShowCodeDetailsInExceptionMessages -Dmanagement.endpoints.jmx.exposure.include=* com.example.loja.LojaApplication

Host: 11th Gen Intel(R) Core(TM) i5-1135G7 @ 2.40GHz, 8 cores, 7G,  Windows 11 , 64 bit Build 26100 (10.0.26100.3775)
Time: Fri Apr 25 00:09:36 2025 Hora oficial do Brasil elapsed time: 1507.020897 seconds (0d 0h 25m 7s)

---------------  T H R E A D  ---------------

Current thread (0x000002385c914860):  JavaThread "C2 CompilerThread0" daemon [_thread_in_native, id=1812, stack(0x000000750c000000,0x000000750c100000)]


Current CompileTask:
C2:1507022 8563       4       javax.management.remote.rmi.RMIConnectionImpl::doOperation (683 bytes)

Stack: [0x000000750c000000,0x000000750c100000]
Native frames: (J=compiled Java code, j=interpreted, Vv=VM code, C=native code)
V  [jvm.dll+0x679cca]
V  [jvm.dll+0x7da13d]
V  [jvm.dll+0x7dba83]
V  [jvm.dll+0x7dc0f3]
V  [jvm.dll+0x2449af]
V  [jvm.dll+0xab83b]
V  [jvm.dll+0xabe1c]
V  [jvm.dll+0x3615ae]
V  [jvm.dll+0x32bd61]
V  [jvm.dll+0x32b1fa]
V  [jvm.dll+0x2161df]
V  [jvm.dll+0x21560f]
V  [jvm.dll+0x1a2040]
V  [jvm.dll+0x225a2b]
V  [jvm.dll+0x223bcb]
V  [jvm.dll+0x7903ec]
V  [jvm.dll+0x78a85a]
V  [jvm.dll+0x678bb5]
C  [ucrtbase.dll+0x37b0]
C  [KERNEL32.DLL+0x2e8d7]
C  [ntdll.dll+0xb14fc]


---------------  P R O C E S S  ---------------

Threads class SMR info:
_java_thread_list=0x00000238a59e4280, length=37, elements={
0x000002385c8f3570, 0x000002385c8f4bb0, 0x000002385c90a420, 0x000002385c90cd00,
0x000002385c910150, 0x000002385c911d30, 0x000002385c914860, 0x000002385c9256c0,
0x000002385c958770, 0x000002385cb68aa0, 0x000002385cbfcc00, 0x00000238a2316d70,
0x00000238a22849e0, 0x00000238a2285110, 0x00000238a2374160, 0x00000238a2cddea0,
0x00000238a2cdac00, 0x00000238a2cdbb30, 0x00000238a2cdb110, 0x00000238a2cdca60,
0x00000238a2cdcf70, 0x00000238a2cdb620, 0x00000238a2cdc550, 0x00000238a669c040,
0x00000238a669d480, 0x00000238a669d990, 0x00000238a669dea0, 0x00000238a669e3b0,
0x00000238a669ac00, 0x00000238a669cf70, 0x00000238a669e8c0, 0x00000238a669b620,
0x00000238a669c550, 0x00000238a669b110, 0x00000238a669edd0, 0x00000238a669bb30,
0x00000238a669f7f0
}

Java Threads: ( => current thread )
  0x000002385c8f3570 JavaThread "Reference Handler" daemon [_thread_blocked, id=19640, stack(0x000000750ba00000,0x000000750bb00000)]
  0x000002385c8f4bb0 JavaThread "Finalizer" daemon [_thread_blocked, id=12444, stack(0x000000750bb00000,0x000000750bc00000)]
  0x000002385c90a420 JavaThread "Signal Dispatcher" daemon [_thread_blocked, id=15988, stack(0x000000750bc00000,0x000000750bd00000)]
  0x000002385c90cd00 JavaThread "Attach Listener" daemon [_thread_blocked, id=12648, stack(0x000000750bd00000,0x000000750be00000)]
  0x000002385c910150 JavaThread "Service Thread" daemon [_thread_blocked, id=15152, stack(0x000000750be00000,0x000000750bf00000)]
  0x000002385c911d30 JavaThread "Monitor Deflation Thread" daemon [_thread_blocked, id=10392, stack(0x000000750bf00000,0x000000750c000000)]
=>0x000002385c914860 JavaThread "C2 CompilerThread0" daemon [_thread_in_native, id=1812, stack(0x000000750c000000,0x000000750c100000)]
  0x000002385c9256c0 JavaThread "C1 CompilerThread0" daemon [_thread_blocked, id=20568, stack(0x000000750c100000,0x000000750c200000)]
  0x000002385c958770 JavaThread "Sweeper thread" daemon [_thread_blocked, id=14540, stack(0x000000750c200000,0x000000750c300000)]
  0x000002385cb68aa0 JavaThread "Common-Cleaner" daemon [_thread_blocked, id=14108, stack(0x000000750c300000,0x000000750c400000)]
  0x000002385cbfcc00 JavaThread "Notification Thread" daemon [_thread_blocked, id=14192, stack(0x000000750c400000,0x000000750c500000)]
  0x00000238a2316d70 JavaThread "RMI TCP Accept-0" daemon [_thread_in_native, id=2228, stack(0x000000750c600000,0x000000750c700000)]
  0x00000238a22849e0 JavaThread "RMI TCP Accept-62834" daemon [_thread_in_native, id=26104, stack(0x000000750c700000,0x000000750c800000)]
  0x00000238a2285110 JavaThread "RMI TCP Accept-0" daemon [_thread_in_native, id=22064, stack(0x000000750c800000,0x000000750c900000)]
  0x00000238a2374160 JavaThread "RMI Scheduler(0)" daemon [_thread_blocked, id=18828, stack(0x000000750d300000,0x000000750d400000)]
  0x00000238a2cddea0 JavaThread "RMI TCP Connection(10)-127.0.0.1" daemon [_thread_in_native, id=10764, stack(0x000000750d600000,0x000000750d700000)]
  0x00000238a2cdac00 JavaThread "JMX server connection timeout 25" daemon [_thread_blocked, id=3416, stack(0x000000750d700000,0x000000750d800000)]
  0x00000238a2cdbb30 JavaThread "Catalina-utility-1" [_thread_blocked, id=4912, stack(0x000000750da00000,0x000000750db00000)]
  0x00000238a2cdb110 JavaThread "Catalina-utility-2" [_thread_blocked, id=7260, stack(0x000000750db00000,0x000000750dc00000)]
  0x00000238a2cdca60 JavaThread "container-0" [_thread_blocked, id=4004, stack(0x000000750dc00000,0x000000750dd00000)]
  0x00000238a2cdcf70 JavaThread "HikariPool-1 housekeeper" daemon [_thread_blocked, id=4100, stack(0x000000750de00000,0x000000750df00000)]
  0x00000238a2cdb620 JavaThread "File Watcher" daemon [_thread_blocked, id=17052, stack(0x000000750d900000,0x000000750da00000)]
  0x00000238a2cdc550 JavaThread "Live Reload Server" daemon [_thread_in_native, id=16956, stack(0x000000750e000000,0x000000750e100000)]
  0x00000238a669c040 JavaThread "http-nio-8080-exec-1" daemon [_thread_blocked, id=19612, stack(0x000000750df00000,0x000000750e000000)]
  0x00000238a669d480 JavaThread "http-nio-8080-exec-2" daemon [_thread_blocked, id=18884, stack(0x000000750e100000,0x000000750e200000)]
  0x00000238a669d990 JavaThread "http-nio-8080-exec-3" daemon [_thread_blocked, id=12796, stack(0x000000750e200000,0x000000750e300000)]
  0x00000238a669dea0 JavaThread "http-nio-8080-exec-4" daemon [_thread_blocked, id=21264, stack(0x000000750e300000,0x000000750e400000)]
  0x00000238a669e3b0 JavaThread "http-nio-8080-exec-5" daemon [_thread_blocked, id=7216, stack(0x000000750e400000,0x000000750e500000)]
  0x00000238a669ac00 JavaThread "http-nio-8080-exec-6" daemon [_thread_blocked, id=20000, stack(0x000000750e500000,0x000000750e600000)]
  0x00000238a669cf70 JavaThread "http-nio-8080-exec-7" daemon [_thread_blocked, id=9720, stack(0x000000750e600000,0x000000750e700000)]
  0x00000238a669e8c0 JavaThread "http-nio-8080-exec-8" daemon [_thread_blocked, id=10220, stack(0x000000750e700000,0x000000750e800000)]
  0x00000238a669b620 JavaThread "http-nio-8080-exec-9" daemon [_thread_blocked, id=21136, stack(0x000000750e800000,0x000000750e900000)]
  0x00000238a669c550 JavaThread "http-nio-8080-exec-10" daemon [_thread_blocked, id=26864, stack(0x000000750e900000,0x000000750ea00000)]
  0x00000238a669b110 JavaThread "http-nio-8080-Poller" daemon [_thread_in_native, id=3228, stack(0x000000750ea00000,0x000000750eb00000)]
  0x00000238a669edd0 JavaThread "http-nio-8080-Acceptor" daemon [_thread_in_native, id=15480, stack(0x000000750eb00000,0x000000750ec00000)]
  0x00000238a669bb30 JavaThread "DestroyJavaVM" [_thread_blocked, id=26316, stack(0x000000750b300000,0x000000750b400000)]
  0x00000238a669f7f0 JavaThread "RMI TCP Connection(11)-127.0.0.1" daemon [_thread_in_native, id=1780, stack(0x000000750b000000,0x000000750b100000)]

Other Threads:
  0x000002385c8ea880 VMThread "VM Thread" [stack: 0x000000750b900000,0x000000750ba00000] [id=18540]
  0x000002383e0c1530 WatcherThread [stack: 0x000000750c900000,0x000000750ca00000] [id=6336]
  0x000002383e126540 GCTaskThread "GC Thread#0" [stack: 0x000000750b400000,0x000000750b500000] [id=23956]
  0x00000238a2ce34d0 GCTaskThread "GC Thread#1" [stack: 0x000000750cb00000,0x000000750cc00000] [id=17332]
  0x00000238a2ce3790 GCTaskThread "GC Thread#2" [stack: 0x000000750cc00000,0x000000750cd00000] [id=26888]
  0x00000238a2ce4290 GCTaskThread "GC Thread#3" [stack: 0x000000750cd00000,0x000000750ce00000] [id=26740]
  0x00000238a2ce3a50 GCTaskThread "GC Thread#4" [stack: 0x000000750ce00000,0x000000750cf00000] [id=23096]
  0x00000238a2ce3d10 GCTaskThread "GC Thread#5" [stack: 0x000000750cf00000,0x000000750d000000] [id=19460]
  0x00000238a2ce3fd0 GCTaskThread "GC Thread#6" [stack: 0x000000750d000000,0x000000750d100000] [id=16684]
  0x00000238a2ce2f50 GCTaskThread "GC Thread#7" [stack: 0x000000750d100000,0x000000750d200000] [id=23648]
  0x000002383e1379b0 ConcurrentGCThread "G1 Main Marker" [stack: 0x000000750b500000,0x000000750b600000] [id=13048]
  0x000002383e13aa80 ConcurrentGCThread "G1 Conc#0" [stack: 0x000000750b600000,0x000000750b700000] [id=15380]
  0x00000238a2ce2710 ConcurrentGCThread "G1 Conc#1" [stack: 0x000000750d800000,0x000000750d900000] [id=6360]
  0x000002385c7a60e0 ConcurrentGCThread "G1 Refine#0" [stack: 0x000000750b700000,0x000000750b800000] [id=15896]
  0x00000238a249d510 ConcurrentGCThread "G1 Refine#1" [stack: 0x000000750d200000,0x000000750d300000] [id=6852]
  0x000002385c7a6920 ConcurrentGCThread "G1 Service" [stack: 0x000000750b800000,0x000000750b900000] [id=21472]

Threads with active compile tasks:
C2 CompilerThread0  1507123 8563       4       javax.management.remote.rmi.RMIConnectionImpl::doOperation (683 bytes)

VM state: not at safepoint (normal execution)

VM Mutex/Monitor currently owned by a thread: None

Heap address: 0x0000000083600000, size: 1994 MB, Compressed Oops mode: 32-bit

CDS archive(s) mapped at: [0x000002385d000000-0x000002385dbd0000-0x000002385dbd0000), size 12386304, SharedBaseAddress: 0x000002385d000000, ArchiveRelocationMode: 1.
Compressed class space mapped at: 0x000002385e000000-0x000002389e000000, reserved size: 1073741824
Narrow klass base: 0x000002385d000000, Narrow klass shift: 0, Narrow klass range: 0x100000000

GC Precious Log:
 CPUs: 8 total, 8 available
 Memory: 7975M
 Large Page Support: Disabled
 NUMA Support: Disabled
 Compressed Oops: Enabled (32-bit)
 Heap Region Size: 1M
 Heap Min Capacity: 8M
 Heap Initial Capacity: 126M
 Heap Max Capacity: 1994M
 Pre-touch: Disabled
 Parallel Workers: 8
 Concurrent Workers: 2
 Concurrent Refinement Workers: 8
 Periodic GC: Disabled

Heap:
 garbage-first heap   total 126976K, used 40870K [0x0000000083600000, 0x0000000100000000)
  region size 1024K, 8 young (8192K), 1 survivors (1024K)
 Metaspace       used 74497K, committed 75200K, reserved 1114112K
  class space    used 10168K, committed 10496K, reserved 1048576K

Heap Regions: E=young(eden), S=young(survivor), O=old, HS=humongous(starts), HC=humongous(continues), CS=collection set, F=free, OA=open archive, CA=closed archive, TAMS=top-at-mark-start (previous, next)
|   0|0x0000000083600000, 0x0000000083700000, 0x0000000083700000|100%|HS|  |TAMS 0x0000000083700000, 0x0000000083600000| Complete 
|   1|0x0000000083700000, 0x0000000083800000, 0x0000000083800000|100%|HS|  |TAMS 0x0000000083800000, 0x0000000083700000| Complete 
|   2|0x0000000083800000, 0x0000000083900000, 0x0000000083900000|100%| O|  |TAMS 0x0000000083900000, 0x0000000083800000| Untracked 
|   3|0x0000000083900000, 0x0000000083a00000, 0x0000000083a00000|100%| O|  |TAMS 0x0000000083a00000, 0x0000000083900000| Untracked 
|   4|0x0000000083a00000, 0x0000000083b00000, 0x0000000083b00000|100%| O|  |TAMS 0x0000000083b00000, 0x0000000083a00000| Untracked 
|   5|0x0000000083b00000, 0x0000000083c00000, 0x0000000083c00000|100%| O|  |TAMS 0x0000000083c00000, 0x0000000083b00000| Untracked 
|   6|0x0000000083c00000, 0x0000000083d00000, 0x0000000083d00000|100%| O|  |TAMS 0x0000000083d00000, 0x0000000083c00000| Untracked 
|   7|0x0000000083d00000, 0x0000000083d00000, 0x0000000083e00000|  0%| F|  |TAMS 0x0000000083d00000, 0x0000000083d00000| Untracked 
|   8|0x0000000083e00000, 0x0000000083f00000, 0x0000000083f00000|100%| O|  |TAMS 0x0000000083f00000, 0x0000000083e00000| Untracked 
|   9|0x0000000083f00000, 0x0000000084000000, 0x0000000084000000|100%| O|  |TAMS 0x0000000084000000, 0x0000000083f00000| Untracked 
|  10|0x0000000084000000, 0x0000000084100000, 0x0000000084100000|100%| O|  |TAMS 0x0000000084100000, 0x0000000084000000| Untracked 
|  11|0x0000000084100000, 0x0000000084200000, 0x0000000084200000|100%| O|  |TAMS 0x0000000084200000, 0x0000000084100000| Untracked 
|  12|0x0000000084200000, 0x0000000084300000, 0x0000000084300000|100%| O|  |TAMS 0x0000000084300000, 0x0000000084200000| Untracked 
|  13|0x0000000084300000, 0x0000000084400000, 0x0000000084400000|100%| O|  |TAMS 0x0000000084400000, 0x0000000084300000| Untracked 
|  14|0x0000000084400000, 0x00000000844baa00, 0x0000000084500000| 72%| O|  |TAMS 0x0000000084400000, 0x0000000084400000| Untracked 
|  15|0x0000000084500000, 0x0000000084600000, 0x0000000084600000|100%| O|  |TAMS 0x0000000084600000, 0x0000000084500000| Untracked 
|  16|0x0000000084600000, 0x0000000084700000, 0x0000000084700000|100%| O|  |TAMS 0x0000000084700000, 0x0000000084600000| Untracked 
|  17|0x0000000084700000, 0x0000000084800000, 0x0000000084800000|100%| O|  |TAMS 0x0000000084800000, 0x0000000084700000| Untracked 
|  18|0x0000000084800000, 0x0000000084900000, 0x0000000084900000|100%| O|  |TAMS 0x0000000084900000, 0x0000000084800000| Untracked 
|  19|0x0000000084900000, 0x0000000084a00000, 0x0000000084a00000|100%| O|  |TAMS 0x0000000084a00000, 0x0000000084900000| Untracked 
|  20|0x0000000084a00000, 0x0000000084b00000, 0x0000000084b00000|100%| O|  |TAMS 0x0000000084b00000, 0x0000000084a00000| Untracked 
|  21|0x0000000084b00000, 0x0000000084c00000, 0x0000000084c00000|100%| O|  |TAMS 0x0000000084c00000, 0x0000000084b00000| Untracked 
|  22|0x0000000084c00000, 0x0000000084c00000, 0x0000000084d00000|  0%| F|  |TAMS 0x0000000084c00000, 0x0000000084c00000| Untracked 
|  23|0x0000000084d00000, 0x0000000084e00000, 0x0000000084e00000|100%| O|  |TAMS 0x0000000084e00000, 0x0000000084d00000| Untracked 
|  24|0x0000000084e00000, 0x0000000084f00000, 0x0000000084f00000|100%| O|  |TAMS 0x0000000084f00000, 0x0000000084e00000| Untracked 
|  25|0x0000000084f00000, 0x0000000085000000, 0x0000000085000000|100%| O|  |TAMS 0x0000000085000000, 0x0000000084f00000| Untracked 
|  26|0x0000000085000000, 0x0000000085100000, 0x0000000085100000|100%| O|  |TAMS 0x0000000085100000, 0x0000000085000000| Untracked 
|  27|0x0000000085100000, 0x0000000085200000, 0x0000000085200000|100%| O|  |TAMS 0x0000000085200000, 0x0000000085100000| Untracked 
|  28|0x0000000085200000, 0x0000000085200000, 0x0000000085300000|  0%| F|  |TAMS 0x0000000085200000, 0x0000000085200000| Untracked 
|  29|0x0000000085300000, 0x0000000085300000, 0x0000000085400000|  0%| F|  |TAMS 0x0000000085300000, 0x0000000085300000| Untracked 
|  30|0x0000000085400000, 0x0000000085400000, 0x0000000085500000|  0%| F|  |TAMS 0x0000000085400000, 0x0000000085400000| Untracked 
|  31|0x0000000085500000, 0x0000000085500000, 0x0000000085600000|  0%| F|  |TAMS 0x0000000085500000, 0x0000000085500000| Untracked 
|  32|0x0000000085600000, 0x0000000085700000, 0x0000000085700000|100%| O|  |TAMS 0x0000000085700000, 0x0000000085600000| Untracked 
|  33|0x0000000085700000, 0x0000000085700000, 0x0000000085800000|  0%| F|  |TAMS 0x0000000085700000, 0x0000000085700000| Untracked 
|  34|0x0000000085800000, 0x0000000085900000, 0x0000000085900000|100%| O|  |TAMS 0x0000000085900000, 0x0000000085800000| Untracked 
|  35|0x0000000085900000, 0x0000000085a00000, 0x0000000085a00000|100%| O|  |TAMS 0x0000000085a00000, 0x0000000085900000| Untracked 
|  36|0x0000000085a00000, 0x0000000085b00000, 0x0000000085b00000|100%| O|  |TAMS 0x0000000085b00000, 0x0000000085a00000| Untracked 
|  37|0x0000000085b00000, 0x0000000085c00000, 0x0000000085c00000|100%| O|  |TAMS 0x0000000085c00000, 0x0000000085b00000| Untracked 
|  38|0x0000000085c00000, 0x0000000085d00000, 0x0000000085d00000|100%| O|  |TAMS 0x0000000085d00000, 0x0000000085c00000| Untracked 
|  39|0x0000000085d00000, 0x0000000085e00000, 0x0000000085e00000|100%| O|  |TAMS 0x0000000085e00000, 0x0000000085d00000| Untracked 
|  40|0x0000000085e00000, 0x0000000085f00000, 0x0000000085f00000|100%| O|  |TAMS 0x0000000085f00000, 0x0000000085e00000| Untracked 
|  41|0x0000000085f00000, 0x0000000085f00000, 0x0000000086000000|  0%| F|  |TAMS 0x0000000085f00000, 0x0000000085f00000| Untracked 
|  42|0x0000000086000000, 0x0000000086000000, 0x0000000086100000|  0%| F|  |TAMS 0x0000000086000000, 0x0000000086000000| Untracked 
|  43|0x0000000086100000, 0x0000000086100000, 0x0000000086200000|  0%| F|  |TAMS 0x0000000086100000, 0x0000000086100000| Untracked 
|  44|0x0000000086200000, 0x0000000086200000, 0x0000000086300000|  0%| F|  |TAMS 0x0000000086200000, 0x0000000086200000| Untracked 
|  45|0x0000000086300000, 0x0000000086300000, 0x0000000086400000|  0%| F|  |TAMS 0x0000000086300000, 0x0000000086300000| Untracked 
|  46|0x0000000086400000, 0x0000000086400000, 0x0000000086500000|  0%| F|  |TAMS 0x0000000086400000, 0x0000000086400000| Untracked 
|  47|0x0000000086500000, 0x0000000086500000, 0x0000000086600000|  0%| F|  |TAMS 0x0000000086500000, 0x0000000086500000| Untracked 
|  48|0x0000000086600000, 0x0000000086600000, 0x0000000086700000|  0%| F|  |TAMS 0x0000000086600000, 0x0000000086600000| Untracked 
|  49|0x0000000086700000, 0x000000008672f110, 0x0000000086800000| 18%| S|CS|TAMS 0x0000000086700000, 0x0000000086700000| Complete 
|  50|0x0000000086800000, 0x0000000086800000, 0x0000000086900000|  0%| F|  |TAMS 0x0000000086800000, 0x0000000086800000| Untracked 
|  51|0x0000000086900000, 0x0000000086900000, 0x0000000086a00000|  0%| F|  |TAMS 0x0000000086900000, 0x0000000086900000| Untracked 
|  52|0x0000000086a00000, 0x0000000086a00000, 0x0000000086b00000|  0%| F|  |TAMS 0x0000000086a00000, 0x0000000086a00000| Untracked 
|  53|0x0000000086b00000, 0x0000000086b00000, 0x0000000086c00000|  0%| F|  |TAMS 0x0000000086b00000, 0x0000000086b00000| Untracked 
|  54|0x0000000086c00000, 0x0000000086c00000, 0x0000000086d00000|  0%| F|  |TAMS 0x0000000086c00000, 0x0000000086c00000| Untracked 
|  55|0x0000000086d00000, 0x0000000086d00000, 0x0000000086e00000|  0%| F|  |TAMS 0x0000000086d00000, 0x0000000086d00000| Untracked 
|  56|0x0000000086e00000, 0x0000000086e00000, 0x0000000086f00000|  0%| F|  |TAMS 0x0000000086e00000, 0x0000000086e00000| Untracked 
|  57|0x0000000086f00000, 0x0000000086f00000, 0x0000000087000000|  0%| F|  |TAMS 0x0000000086f00000, 0x0000000086f00000| Untracked 
|  58|0x0000000087000000, 0x0000000087000000, 0x0000000087100000|  0%| F|  |TAMS 0x0000000087000000, 0x0000000087000000| Untracked 
|  59|0x0000000087100000, 0x0000000087100000, 0x0000000087200000|  0%| F|  |TAMS 0x0000000087100000, 0x0000000087100000| Untracked 
|  60|0x0000000087200000, 0x0000000087200000, 0x0000000087300000|  0%| F|  |TAMS 0x0000000087200000, 0x0000000087200000| Untracked 
|  61|0x0000000087300000, 0x0000000087300000, 0x0000000087400000|  0%| F|  |TAMS 0x0000000087300000, 0x0000000087300000| Untracked 
|  62|0x0000000087400000, 0x0000000087400000, 0x0000000087500000|  0%| F|  |TAMS 0x0000000087400000, 0x0000000087400000| Untracked 
|  63|0x0000000087500000, 0x0000000087500000, 0x0000000087600000|  0%| F|  |TAMS 0x0000000087500000, 0x0000000087500000| Untracked 
|  64|0x0000000087600000, 0x0000000087600000, 0x0000000087700000|  0%| F|  |TAMS 0x0000000087600000, 0x0000000087600000| Untracked 
|  65|0x0000000087700000, 0x0000000087700000, 0x0000000087800000|  0%| F|  |TAMS 0x0000000087700000, 0x0000000087700000| Untracked 
|  66|0x0000000087800000, 0x0000000087800000, 0x0000000087900000|  0%| F|  |TAMS 0x0000000087800000, 0x0000000087800000| Untracked 
|  67|0x0000000087900000, 0x0000000087900000, 0x0000000087a00000|  0%| F|  |TAMS 0x0000000087900000, 0x0000000087900000| Untracked 
|  68|0x0000000087a00000, 0x0000000087a00000, 0x0000000087b00000|  0%| F|  |TAMS 0x0000000087a00000, 0x0000000087a00000| Untracked 
|  69|0x0000000087b00000, 0x0000000087b00000, 0x0000000087c00000|  0%| F|  |TAMS 0x0000000087b00000, 0x0000000087b00000| Untracked 
|  70|0x0000000087c00000, 0x0000000087c00000, 0x0000000087d00000|  0%| F|  |TAMS 0x0000000087c00000, 0x0000000087c00000| Untracked 
|  71|0x0000000087d00000, 0x0000000087d00000, 0x0000000087e00000|  0%| F|  |TAMS 0x0000000087d00000, 0x0000000087d00000| Untracked 
|  72|0x0000000087e00000, 0x0000000087e00000, 0x0000000087f00000|  0%| F|  |TAMS 0x0000000087e00000, 0x0000000087e00000| Untracked 
|  73|0x0000000087f00000, 0x0000000087f00000, 0x0000000088000000|  0%| F|  |TAMS 0x0000000087f00000, 0x0000000087f00000| Untracked 
|  74|0x0000000088000000, 0x0000000088000000, 0x0000000088100000|  0%| F|  |TAMS 0x0000000088000000, 0x0000000088000000| Untracked 
|  75|0x0000000088100000, 0x0000000088100000, 0x0000000088200000|  0%| F|  |TAMS 0x0000000088100000, 0x0000000088100000| Untracked 
|  76|0x0000000088200000, 0x0000000088200000, 0x0000000088300000|  0%| F|  |TAMS 0x0000000088200000, 0x0000000088200000| Untracked 
|  77|0x0000000088300000, 0x0000000088300000, 0x0000000088400000|  0%| F|  |TAMS 0x0000000088300000, 0x0000000088300000| Untracked 
|  78|0x0000000088400000, 0x0000000088400000, 0x0000000088500000|  0%| F|  |TAMS 0x0000000088400000, 0x0000000088400000| Untracked 
|  79|0x0000000088500000, 0x0000000088500000, 0x0000000088600000|  0%| F|  |TAMS 0x0000000088500000, 0x0000000088500000| Untracked 
|  80|0x0000000088600000, 0x0000000088600000, 0x0000000088700000|  0%| F|  |TAMS 0x0000000088600000, 0x0000000088600000| Untracked 
|  81|0x0000000088700000, 0x0000000088700000, 0x0000000088800000|  0%| F|  |TAMS 0x0000000088700000, 0x0000000088700000| Untracked 
|  82|0x0000000088800000, 0x0000000088800000, 0x0000000088900000|  0%| F|  |TAMS 0x0000000088800000, 0x0000000088800000| Untracked 
|  83|0x0000000088900000, 0x0000000088900000, 0x0000000088a00000|  0%| F|  |TAMS 0x0000000088900000, 0x0000000088900000| Untracked 
|  84|0x0000000088a00000, 0x0000000088a00000, 0x0000000088b00000|  0%| F|  |TAMS 0x0000000088a00000, 0x0000000088a00000| Untracked 
|  85|0x0000000088b00000, 0x0000000088b00000, 0x0000000088c00000|  0%| F|  |TAMS 0x0000000088b00000, 0x0000000088b00000| Untracked 
|  86|0x0000000088c00000, 0x0000000088c00000, 0x0000000088d00000|  0%| F|  |TAMS 0x0000000088c00000, 0x0000000088c00000| Untracked 
|  87|0x0000000088d00000, 0x0000000088d00000, 0x0000000088e00000|  0%| F|  |TAMS 0x0000000088d00000, 0x0000000088d00000| Untracked 
|  88|0x0000000088e00000, 0x0000000088e00000, 0x0000000088f00000|  0%| F|  |TAMS 0x0000000088e00000, 0x0000000088e00000| Untracked 
|  89|0x0000000088f00000, 0x0000000088f00000, 0x0000000089000000|  0%| F|  |TAMS 0x0000000088f00000, 0x0000000088f00000| Untracked 
|  90|0x0000000089000000, 0x0000000089000000, 0x0000000089100000|  0%| F|  |TAMS 0x0000000089000000, 0x0000000089000000| Untracked 
|  91|0x0000000089100000, 0x0000000089100000, 0x0000000089200000|  0%| F|  |TAMS 0x0000000089100000, 0x0000000089100000| Untracked 
|  92|0x0000000089200000, 0x0000000089200000, 0x0000000089300000|  0%| F|  |TAMS 0x0000000089200000, 0x0000000089200000| Untracked 
|  93|0x0000000089300000, 0x0000000089300000, 0x0000000089400000|  0%| F|  |TAMS 0x0000000089300000, 0x0000000089300000| Untracked 
|  94|0x0000000089400000, 0x0000000089400000, 0x0000000089500000|  0%| F|  |TAMS 0x0000000089400000, 0x0000000089400000| Untracked 
|  95|0x0000000089500000, 0x0000000089500000, 0x0000000089600000|  0%| F|  |TAMS 0x0000000089500000, 0x0000000089500000| Untracked 
|  96|0x0000000089600000, 0x0000000089600000, 0x0000000089700000|  0%| F|  |TAMS 0x0000000089600000, 0x0000000089600000| Untracked 
|  97|0x0000000089700000, 0x0000000089700000, 0x0000000089800000|  0%| F|  |TAMS 0x0000000089700000, 0x0000000089700000| Untracked 
|  98|0x0000000089800000, 0x0000000089800000, 0x0000000089900000|  0%| F|  |TAMS 0x0000000089800000, 0x0000000089800000| Untracked 
|  99|0x0000000089900000, 0x0000000089900000, 0x0000000089a00000|  0%| F|  |TAMS 0x0000000089900000, 0x0000000089900000| Untracked 
| 100|0x0000000089a00000, 0x0000000089a00000, 0x0000000089b00000|  0%| F|  |TAMS 0x0000000089a00000, 0x0000000089a00000| Untracked 
| 101|0x0000000089b00000, 0x0000000089b00000, 0x0000000089c00000|  0%| F|  |TAMS 0x0000000089b00000, 0x0000000089b00000| Untracked 
| 102|0x0000000089c00000, 0x0000000089c00000, 0x0000000089d00000|  0%| F|  |TAMS 0x0000000089c00000, 0x0000000089c00000| Untracked 
| 103|0x0000000089d00000, 0x0000000089d00000, 0x0000000089e00000|  0%| F|  |TAMS 0x0000000089d00000, 0x0000000089d00000| Untracked 
| 104|0x0000000089e00000, 0x0000000089e00000, 0x0000000089f00000|  0%| F|  |TAMS 0x0000000089e00000, 0x0000000089e00000| Untracked 
| 105|0x0000000089f00000, 0x0000000089f00000, 0x000000008a000000|  0%| F|  |TAMS 0x0000000089f00000, 0x0000000089f00000| Untracked 
| 106|0x000000008a000000, 0x000000008a000000, 0x000000008a100000|  0%| F|  |TAMS 0x000000008a000000, 0x000000008a000000| Untracked 
| 107|0x000000008a100000, 0x000000008a100000, 0x000000008a200000|  0%| F|  |TAMS 0x000000008a100000, 0x000000008a100000| Untracked 
| 108|0x000000008a200000, 0x000000008a200000, 0x000000008a300000|  0%| F|  |TAMS 0x000000008a200000, 0x000000008a200000| Untracked 
| 109|0x000000008a300000, 0x000000008a300000, 0x000000008a400000|  0%| F|  |TAMS 0x000000008a300000, 0x000000008a300000| Untracked 
| 110|0x000000008a400000, 0x000000008a400000, 0x000000008a500000|  0%| F|  |TAMS 0x000000008a400000, 0x000000008a400000| Untracked 
| 111|0x000000008a500000, 0x000000008a500000, 0x000000008a600000|  0%| F|  |TAMS 0x000000008a500000, 0x000000008a500000| Untracked 
| 112|0x000000008a600000, 0x000000008a600000, 0x000000008a700000|  0%| F|  |TAMS 0x000000008a600000, 0x000000008a600000| Untracked 
| 113|0x000000008a700000, 0x000000008a700000, 0x000000008a800000|  0%| F|  |TAMS 0x000000008a700000, 0x000000008a700000| Untracked 
| 114|0x000000008a800000, 0x000000008a800000, 0x000000008a900000|  0%| F|  |TAMS 0x000000008a800000, 0x000000008a800000| Untracked 
| 115|0x000000008a900000, 0x000000008a900000, 0x000000008aa00000|  0%| F|  |TAMS 0x000000008a900000, 0x000000008a900000| Untracked 
| 116|0x000000008aa00000, 0x000000008aa00000, 0x000000008ab00000|  0%| F|  |TAMS 0x000000008aa00000, 0x000000008aa00000| Untracked 
| 117|0x000000008ab00000, 0x000000008ab8a6e0, 0x000000008ac00000| 54%| E|  |TAMS 0x000000008ab00000, 0x000000008ab00000| Complete 
| 118|0x000000008ac00000, 0x000000008ad00000, 0x000000008ad00000|100%| E|CS|TAMS 0x000000008ac00000, 0x000000008ac00000| Complete 
| 119|0x000000008ad00000, 0x000000008ae00000, 0x000000008ae00000|100%| E|CS|TAMS 0x000000008ad00000, 0x000000008ad00000| Complete 
| 120|0x000000008ae00000, 0x000000008af00000, 0x000000008af00000|100%| E|CS|TAMS 0x000000008ae00000, 0x000000008ae00000| Complete 
| 121|0x000000008af00000, 0x000000008b000000, 0x000000008b000000|100%| E|CS|TAMS 0x000000008af00000, 0x000000008af00000| Complete 
| 122|0x000000008b000000, 0x000000008b100000, 0x000000008b100000|100%| E|CS|TAMS 0x000000008b000000, 0x000000008b000000| Complete 
| 125|0x000000008b300000, 0x000000008b400000, 0x000000008b400000|100%| E|CS|TAMS 0x000000008b300000, 0x000000008b300000| Complete 

Card table byte_map: [0x00000238558b0000,0x0000023855ca0000] _byte_map_base: 0x0000023855495000

Marking Bits (Prev, Next): (CMBitMap*) 0x000002383e126ab0, (CMBitMap*) 0x000002383e126a70
 Prev Bits: [0x0000023857fc0000, 0x0000023859ee8000)
 Next Bits: [0x0000023856090000, 0x0000023857fb8000)

Polling page: 0x000002383e180000

Metaspace:

Usage:
  Non-class:     62.82 MB used.
      Class:      9.93 MB used.
       Both:     72.75 MB used.

Virtual space:
  Non-class space:       64.00 MB reserved,      63.19 MB ( 99%) committed,  1 nodes.
      Class space:        1.00 GB reserved,      10.25 MB (  1%) committed,  1 nodes.
             Both:        1.06 GB reserved,      73.44 MB (  7%) committed. 

Chunk freelists:
   Non-Class:  839.00 KB
       Class:  5.59 MB
        Both:  6.41 MB

MaxMetaspaceSize: unlimited
CompressedClassSpaceSize: 1.00 GB
Initial GC threshold: 21.00 MB
Current GC threshold: 122.44 MB
CDS: on
MetaspaceReclaimPolicy: balanced
 - commit_granule_bytes: 65536.
 - commit_granule_words: 8192.
 - virtual_space_node_default_size: 8388608.
 - enlarge_chunks_in_place: 1.
 - new_chunks_are_fully_committed: 0.
 - uncommit_free_chunks: 1.
 - use_allocation_guard: 0.
 - handle_deallocations: 1.


Internal statistics:

num_allocs_failed_limit: 6.
num_arena_births: 1082.
num_arena_deaths: 0.
num_vsnodes_births: 2.
num_vsnodes_deaths: 0.
num_space_committed: 1175.
num_space_uncommitted: 0.
num_chunks_returned_to_freelist: 6.
num_chunks_taken_from_freelist: 3881.
num_chunk_merges: 6.
num_chunk_splits: 2710.
num_chunks_enlarged: 2039.
num_inconsistent_stats: 0.

CodeHeap 'non-profiled nmethods': size=120000Kb used=6531Kb max_used=6531Kb free=113468Kb
 bounds [0x000002384d520000, 0x000002384db90000, 0x0000023854a50000]
CodeHeap 'profiled nmethods': size=120000Kb used=14784Kb max_used=14784Kb free=105215Kb
 bounds [0x0000023845a50000, 0x00000238468d0000, 0x000002384cf80000]
CodeHeap 'non-nmethods': size=5760Kb used=1388Kb max_used=1459Kb free=4371Kb
 bounds [0x000002384cf80000, 0x000002384d1f0000, 0x000002384d520000]
 total_blobs=8125 nmethods=7414 adapters=620
 compilation: enabled
              stopped_count=0, restarted_count=0
 full_count=0

Compilation events (20 events):
Event: 1373.478 Thread 0x000002385c914860 nmethod 8553 0x000002384db73e90 code [0x000002384db74020, 0x000002384db745f8]
Event: 1383.263 Thread 0x000002385c914860 8554       4       org.springframework.boot.devtools.filewatch.DirectorySnapshot::filter (72 bytes)
Event: 1383.270 Thread 0x000002385c914860 nmethod 8554 0x000002384db74810 code [0x000002384db74980, 0x000002384db74a18]
Event: 1388.450 Thread 0x000002385c914860 8555       4       java.util.concurrent.ConcurrentHashMap::values (25 bytes)
Event: 1388.456 Thread 0x000002385c914860 nmethod 8555 0x000002384db74b10 code [0x000002384db74ca0, 0x000002384db74e58]
Event: 1393.466 Thread 0x000002385c914860 8556       4       java.util.LinkedHashMap::entrySet (27 bytes)
Event: 1393.468 Thread 0x000002385c914860 nmethod 8556 0x000002384db74f10 code [0x000002384db750a0, 0x000002384db75258]
Event: 1400.761 Thread 0x000002385c914860 8557       4       java.util.concurrent.ScheduledThreadPoolExecutor::canRunInCurrentRunState (61 bytes)
Event: 1400.763 Thread 0x000002385c914860 nmethod 8557 0x000002384db75310 code [0x000002384db75480, 0x000002384db75538]
Event: 1453.511 Thread 0x000002385c914860 8558       4       java.rmi.server.UID::read (34 bytes)
Event: 1453.564 Thread 0x000002385c914860 nmethod 8558 0x000002384db75610 code [0x000002384db758a0, 0x000002384db77560]
Event: 1455.515 Thread 0x000002385c914860 8559       4       sun.rmi.transport.StreamRemoteCall::<init> (35 bytes)
Event: 1455.535 Thread 0x000002385c914860 nmethod 8559 0x000002384db78b90 code [0x000002384db78d00, 0x000002384db78fb8]
Event: 1455.535 Thread 0x000002385c914860 8560   !   4       sun.rmi.transport.Transport::serviceCall (349 bytes)
Event: 1455.908 Thread 0x000002385c914860 nmethod 8560 0x000002384db79010 code [0x000002384db794a0, 0x000002384db7c9c8]
Event: 1455.908 Thread 0x000002385c914860 8561       4       java.rmi.server.ObjID::read (22 bytes)
Event: 1455.940 Thread 0x000002385c914860 nmethod 8561 0x000002384db7f010 code [0x000002384db7f200, 0x000002384db7fd90]
Event: 1455.940 Thread 0x000002385c914860 8562  s    4       sun.rmi.transport.Target::decrementCallCount (50 bytes)
Event: 1455.942 Thread 0x000002385c914860 nmethod 8562 0x000002384db80790 code [0x000002384db80900, 0x000002384db80af8]
Event: 1458.494 Thread 0x000002385c914860 8563       4       javax.management.remote.rmi.RMIConnectionImpl::doOperation (683 bytes)

GC Heap History (20 events):
Event: 528.456 GC heap before
{Heap before GC invocations=57 (full 0):
 garbage-first heap   total 65536K, used 56201K [0x0000000083600000, 0x0000000100000000)
  region size 1024K, 22 young (22528K), 1 survivors (1024K)
 Metaspace       used 74439K, committed 75136K, reserved 1114112K
  class space    used 10168K, committed 10496K, reserved 1048576K
}
Event: 528.458 GC heap after
{Heap after GC invocations=58 (full 0):
 garbage-first heap   total 65536K, used 34747K [0x0000000083600000, 0x0000000100000000)
  region size 1024K, 1 young (1024K), 1 survivors (1024K)
 Metaspace       used 74439K, committed 75136K, reserved 1114112K
  class space    used 10168K, committed 10496K, reserved 1048576K
}
Event: 528.482 GC heap before
{Heap before GC invocations=58 (full 0):
 garbage-first heap   total 65536K, used 36795K [0x0000000083600000, 0x0000000100000000)
  region size 1024K, 3 young (3072K), 1 survivors (1024K)
 Metaspace       used 74439K, committed 75136K, reserved 1114112K
  class space    used 10168K, committed 10496K, reserved 1048576K
}
Event: 528.487 GC heap after
{Heap after GC invocations=59 (full 0):
 garbage-first heap   total 65536K, used 34663K [0x0000000083600000, 0x0000000100000000)
  region size 1024K, 1 young (1024K), 1 survivors (1024K)
 Metaspace       used 74439K, committed 75136K, reserved 1114112K
  class space    used 10168K, committed 10496K, reserved 1048576K
}
Event: 573.456 GC heap before
{Heap before GC invocations=59 (full 0):
 garbage-first heap   total 65536K, used 56167K [0x0000000083600000, 0x0000000100000000)
  region size 1024K, 22 young (22528K), 1 survivors (1024K)
 Metaspace       used 74455K, committed 75200K, reserved 1114112K
  class space    used 10168K, committed 10496K, reserved 1048576K
}
Event: 573.461 GC heap after
{Heap after GC invocations=60 (full 0):
 garbage-first heap   total 126976K, used 34592K [0x0000000083600000, 0x0000000100000000)
  region size 1024K, 1 young (1024K), 1 survivors (1024K)
 Metaspace       used 74455K, committed 75200K, reserved 1114112K
  class space    used 10168K, committed 10496K, reserved 1048576K
}
Event: 723.451 GC heap before
{Heap before GC invocations=61 (full 0):
 garbage-first heap   total 126976K, used 109344K [0x0000000083600000, 0x0000000100000000)
  region size 1024K, 74 young (75776K), 1 survivors (1024K)
 Metaspace       used 74464K, committed 75200K, reserved 1114112K
  class space    used 10168K, committed 10496K, reserved 1048576K
}
Event: 723.454 GC heap after
{Heap after GC invocations=62 (full 0):
 garbage-first heap   total 126976K, used 34672K [0x0000000083600000, 0x0000000100000000)
  region size 1024K, 1 young (1024K), 1 survivors (1024K)
 Metaspace       used 74464K, committed 75200K, reserved 1114112K
  class space    used 10168K, committed 10496K, reserved 1048576K
}
Event: 733.450 GC heap before
{Heap before GC invocations=62 (full 0):
 garbage-first heap   total 126976K, used 39792K [0x0000000083600000, 0x0000000100000000)
  region size 1024K, 6 young (6144K), 1 survivors (1024K)
 Metaspace       used 74464K, committed 75200K, reserved 1114112K
  class space    used 10168K, committed 10496K, reserved 1048576K
}
Event: 733.451 GC heap after
{Heap after GC invocations=63 (full 0):
 garbage-first heap   total 126976K, used 34666K [0x0000000083600000, 0x0000000100000000)
  region size 1024K, 1 young (1024K), 1 survivors (1024K)
 Metaspace       used 74464K, committed 75200K, reserved 1114112K
  class space    used 10168K, committed 10496K, reserved 1048576K
}
Event: 883.448 GC heap before
{Heap before GC invocations=63 (full 0):
 garbage-first heap   total 126976K, used 109418K [0x0000000083600000, 0x0000000100000000)
  region size 1024K, 74 young (75776K), 1 survivors (1024K)
 Metaspace       used 74465K, committed 75200K, reserved 1114112K
  class space    used 10168K, committed 10496K, reserved 1048576K
}
Event: 883.450 GC heap after
{Heap after GC invocations=64 (full 0):
 garbage-first heap   total 126976K, used 34662K [0x0000000083600000, 0x0000000100000000)
  region size 1024K, 1 young (1024K), 1 survivors (1024K)
 Metaspace       used 74465K, committed 75200K, reserved 1114112K
  class space    used 10168K, committed 10496K, reserved 1048576K
}
Event: 1033.436 GC heap before
{Heap before GC invocations=64 (full 0):
 garbage-first heap   total 126976K, used 109414K [0x0000000083600000, 0x0000000100000000)
  region size 1024K, 74 young (75776K), 1 survivors (1024K)
 Metaspace       used 74488K, committed 75200K, reserved 1114112K
  class space    used 10168K, committed 10496K, reserved 1048576K
}
Event: 1033.439 GC heap after
{Heap after GC invocations=65 (full 0):
 garbage-first heap   total 126976K, used 34735K [0x0000000083600000, 0x0000000100000000)
  region size 1024K, 1 young (1024K), 1 survivors (1024K)
 Metaspace       used 74488K, committed 75200K, reserved 1114112K
  class space    used 10168K, committed 10496K, reserved 1048576K
}
Event: 1183.444 GC heap before
{Heap before GC invocations=65 (full 0):
 garbage-first heap   total 126976K, used 109487K [0x0000000083600000, 0x0000000100000000)
  region size 1024K, 74 young (75776K), 1 survivors (1024K)
 Metaspace       used 74490K, committed 75200K, reserved 1114112K
  class space    used 10168K, committed 10496K, reserved 1048576K
}
Event: 1183.455 GC heap after
{Heap after GC invocations=66 (full 0):
 garbage-first heap   total 126976K, used 34783K [0x0000000083600000, 0x0000000100000000)
  region size 1024K, 1 young (1024K), 1 survivors (1024K)
 Metaspace       used 74490K, committed 75200K, reserved 1114112K
  class space    used 10168K, committed 10496K, reserved 1048576K
}
Event: 1333.444 GC heap before
{Heap before GC invocations=67 (full 0):
 garbage-first heap   total 126976K, used 109535K [0x0000000083600000, 0x0000000100000000)
  region size 1024K, 74 young (75776K), 1 survivors (1024K)
 Metaspace       used 74495K, committed 75200K, reserved 1114112K
  class space    used 10168K, committed 10496K, reserved 1048576K
}
Event: 1333.446 GC heap after
{Heap after GC invocations=68 (full 0):
 garbage-first heap   total 126976K, used 34714K [0x0000000083600000, 0x0000000100000000)
  region size 1024K, 1 young (1024K), 1 survivors (1024K)
 Metaspace       used 74495K, committed 75200K, reserved 1114112K
  class space    used 10168K, committed 10496K, reserved 1048576K
}
Event: 1343.437 GC heap before
{Heap before GC invocations=68 (full 0):
 garbage-first heap   total 126976K, used 39834K [0x0000000083600000, 0x0000000100000000)
  region size 1024K, 6 young (6144K), 1 survivors (1024K)
 Metaspace       used 74496K, committed 75200K, reserved 1114112K
  class space    used 10168K, committed 10496K, reserved 1048576K
}
Event: 1343.441 GC heap after
{Heap after GC invocations=69 (full 0):
 garbage-first heap   total 126976K, used 34695K [0x0000000083600000, 0x0000000100000000)
  region size 1024K, 1 young (1024K), 1 survivors (1024K)
 Metaspace       used 74496K, committed 75200K, reserved 1114112K
  class space    used 10168K, committed 10496K, reserved 1048576K
}

Deoptimization events (20 events):
Event: 1353.470 Thread 0x00000238a2cddea0 Uncommon trap: trap_request=0xffffff76 fr.pc=0x000002384db730e4 relative=0x00000000000001c4
Event: 1353.470 Thread 0x00000238a2cddea0 Uncommon trap: reason=predicate action=maybe_recompile pc=0x000002384db730e4 method=java.util.Arrays.fill([Ljava/lang/Object;IILjava/lang/Object;)V @ 13 c2
Event: 1353.470 Thread 0x00000238a2cddea0 DEOPT PACKING pc=0x000002384db730e4 sp=0x000000750d6fe8b0
Event: 1353.471 Thread 0x00000238a2cddea0 DEOPT UNPACKING pc=0x000002384cfd5ba3 sp=0x000000750d6fe860 mode 2
Event: 1358.454 Thread 0x00000238a2cddea0 Uncommon trap: trap_request=0xffffffd6 fr.pc=0x000002384db73880 relative=0x00000000000003e0
Event: 1358.454 Thread 0x00000238a2cddea0 Uncommon trap: reason=array_check action=maybe_recompile pc=0x000002384db73880 method=java.util.Arrays.fill([Ljava/lang/Object;IILjava/lang/Object;)V @ 20 c2
Event: 1358.454 Thread 0x00000238a2cddea0 DEOPT PACKING pc=0x000002384db73880 sp=0x000000750d6fe8b0
Event: 1358.454 Thread 0x00000238a2cddea0 DEOPT UNPACKING pc=0x000002384cfd5ba3 sp=0x000000750d6fe858 mode 2
Event: 1358.455 Thread 0x00000238a2cddea0 Uncommon trap: trap_request=0xffffffd6 fr.pc=0x000002384db73880 relative=0x00000000000003e0
Event: 1358.455 Thread 0x00000238a2cddea0 Uncommon trap: reason=array_check action=maybe_recompile pc=0x000002384db73880 method=java.util.Arrays.fill([Ljava/lang/Object;IILjava/lang/Object;)V @ 20 c2
Event: 1358.455 Thread 0x00000238a2cddea0 DEOPT PACKING pc=0x000002384db73880 sp=0x000000750d6fe8b0
Event: 1358.455 Thread 0x00000238a2cddea0 DEOPT UNPACKING pc=0x000002384cfd5ba3 sp=0x000000750d6fe858 mode 2
Event: 1358.456 Thread 0x00000238a2cddea0 Uncommon trap: trap_request=0xffffffd6 fr.pc=0x000002384db73880 relative=0x00000000000003e0
Event: 1358.456 Thread 0x00000238a2cddea0 Uncommon trap: reason=array_check action=maybe_recompile pc=0x000002384db73880 method=java.util.Arrays.fill([Ljava/lang/Object;IILjava/lang/Object;)V @ 20 c2
Event: 1358.456 Thread 0x00000238a2cddea0 DEOPT PACKING pc=0x000002384db73880 sp=0x000000750d6fe8b0
Event: 1358.456 Thread 0x00000238a2cddea0 DEOPT UNPACKING pc=0x000002384cfd5ba3 sp=0x000000750d6fe858 mode 2
Event: 1358.457 Thread 0x00000238a2cddea0 Uncommon trap: trap_request=0xffffffd6 fr.pc=0x000002384db73880 relative=0x00000000000003e0
Event: 1358.457 Thread 0x00000238a2cddea0 Uncommon trap: reason=array_check action=maybe_recompile pc=0x000002384db73880 method=java.util.Arrays.fill([Ljava/lang/Object;IILjava/lang/Object;)V @ 20 c2
Event: 1358.457 Thread 0x00000238a2cddea0 DEOPT PACKING pc=0x000002384db73880 sp=0x000000750d6fe8b0
Event: 1358.457 Thread 0x00000238a2cddea0 DEOPT UNPACKING pc=0x000002384cfd5ba3 sp=0x000000750d6fe858 mode 2

Classes unloaded (0 events):
No events

Classes redefined (0 events):
No events

Internal exceptions (20 events):
Event: 1458.503 Thread 0x00000238a669f7f0 Exception <a 'java/lang/ClassNotFoundException'{0x000000008788aa18}: org/springframework/boot/actuate/endpoint/jmx/DataEndpointMBean> (0x000000008788aa18) 
thrown [s\open\src\hotspot\share\classfile\systemDictionary.cpp, line 256]
Event: 1458.503 Thread 0x00000238a669f7f0 Exception <a 'java/lang/ClassNotFoundException'{0x000000008788adb8}: org/springframework/context/support/LiveBeansView> (0x000000008788adb8) 
thrown [s\open\src\hotspot\share\classfile\systemDictionary.cpp, line 256]
Event: 1458.504 Thread 0x00000238a669f7f0 Exception <a 'java/lang/ClassNotFoundException'{0x000000008788b178}: org/springframework/boot/actuate/endpoint/jmx/EndpointMBean> (0x000000008788b178) 
thrown [s\open\src\hotspot\share\classfile\systemDictionary.cpp, line 256]
Event: 1458.504 Thread 0x00000238a669f7f0 Exception <a 'java/lang/ClassNotFoundException'{0x000000008788b538}: org/springframework/boot/actuate/endpoint/jmx/DataEndpointMBean> (0x000000008788b538) 
thrown [s\open\src\hotspot\share\classfile\systemDictionary.cpp, line 256]
Event: 1458.504 Thread 0x00000238a669f7f0 Exception <a 'java/lang/ClassNotFoundException'{0x000000008788b8f0}: org/springframework/context/support/LiveBeansView> (0x000000008788b8f0) 
thrown [s\open\src\hotspot\share\classfile\systemDictionary.cpp, line 256]
Event: 1458.504 Thread 0x00000238a669f7f0 Exception <a 'java/lang/ClassNotFoundException'{0x000000008788bca0}: org/springframework/boot/actuate/endpoint/jmx/EndpointMBean> (0x000000008788bca0) 
thrown [s\open\src\hotspot\share\classfile\systemDictionary.cpp, line 256]
Event: 1458.504 Thread 0x00000238a669f7f0 Exception <a 'java/lang/ClassNotFoundException'{0x000000008788c050}: org/springframework/boot/actuate/endpoint/jmx/DataEndpointMBean> (0x000000008788c050) 
thrown [s\open\src\hotspot\share\classfile\systemDictionary.cpp, line 256]
Event: 1458.504 Thread 0x00000238a669f7f0 Exception <a 'java/lang/ClassNotFoundException'{0x000000008788c3f8}: org/springframework/context/support/LiveBeansView> (0x000000008788c3f8) 
thrown [s\open\src\hotspot\share\classfile\systemDictionary.cpp, line 256]
Event: 1458.507 Thread 0x00000238a669f7f0 Exception <a 'java/lang/ClassNotFoundException'{0x00000000878d7ee8}: org/springframework/boot/actuate/endpoint/jmx/EndpointMBean> (0x00000000878d7ee8) 
thrown [s\open\src\hotspot\share\classfile\systemDictionary.cpp, line 256]
Event: 1458.510 Thread 0x00000238a669f7f0 Exception <a 'java/lang/ClassNotFoundException'{0x0000000087720930}: org/springframework/boot/actuate/endpoint/jmx/DataEndpointMBean> (0x0000000087720930) 
thrown [s\open\src\hotspot\share\classfile\systemDictionary.cpp, line 256]
Event: 1458.513 Thread 0x00000238a669f7f0 Exception <a 'java/lang/ClassNotFoundException'{0x00000000877690f8}: org/springframework/context/support/LiveBeansView> (0x00000000877690f8) 
thrown [s\open\src\hotspot\share\classfile\systemDictionary.cpp, line 256]
Event: 1458.514 Thread 0x00000238a669f7f0 Exception <a 'java/lang/ClassNotFoundException'{0x000000008776c740}: org/springframework/boot/actuate/endpoint/jmx/EndpointMBean> (0x000000008776c740) 
thrown [s\open\src\hotspot\share\classfile\systemDictionary.cpp, line 256]
Event: 1458.514 Thread 0x00000238a669f7f0 Exception <a 'java/lang/ClassNotFoundException'{0x000000008776cb10}: org/springframework/boot/actuate/endpoint/jmx/DataEndpointMBean> (0x000000008776cb10) 
thrown [s\open\src\hotspot\share\classfile\systemDictionary.cpp, line 256]
Event: 1458.514 Thread 0x00000238a669f7f0 Exception <a 'java/lang/ClassNotFoundException'{0x000000008776ced8}: org/springframework/context/support/LiveBeansView> (0x000000008776ced8) 
thrown [s\open\src\hotspot\share\classfile\systemDictionary.cpp, line 256]
Event: 1458.514 Thread 0x00000238a669f7f0 Exception <a 'java/lang/ClassNotFoundException'{0x000000008776d290}: org/springframework/boot/actuate/endpoint/jmx/EndpointMBean> (0x000000008776d290) 
thrown [s\open\src\hotspot\share\classfile\systemDictionary.cpp, line 256]
Event: 1458.514 Thread 0x00000238a669f7f0 Exception <a 'java/lang/ClassNotFoundException'{0x000000008776d648}: org/springframework/boot/actuate/endpoint/jmx/DataEndpointMBean> (0x000000008776d648) 
thrown [s\open\src\hotspot\share\classfile\systemDictionary.cpp, line 256]
Event: 1458.514 Thread 0x00000238a669f7f0 Exception <a 'java/lang/ClassNotFoundException'{0x000000008776d9f8}: org/springframework/context/support/LiveBeansView> (0x000000008776d9f8) 
thrown [s\open\src\hotspot\share\classfile\systemDictionary.cpp, line 256]
Event: 1458.514 Thread 0x00000238a669f7f0 Exception <a 'java/lang/ClassNotFoundException'{0x000000008776ddb0}: org/springframework/boot/actuate/endpoint/jmx/EndpointMBean> (0x000000008776ddb0) 
thrown [s\open\src\hotspot\share\classfile\systemDictionary.cpp, line 256]
Event: 1458.514 Thread 0x00000238a669f7f0 Exception <a 'java/lang/ClassNotFoundException'{0x000000008776e168}: org/springframework/boot/actuate/endpoint/jmx/DataEndpointMBean> (0x000000008776e168) 
thrown [s\open\src\hotspot\share\classfile\systemDictionary.cpp, line 256]
Event: 1458.514 Thread 0x00000238a669f7f0 Exception <a 'java/lang/ClassNotFoundException'{0x000000008776e518}: org/springframework/context/support/LiveBeansView> (0x000000008776e518) 
thrown [s\open\src\hotspot\share\classfile\systemDictionary.cpp, line 256]

VM Operations (20 events):
Event: 1183.510 Executing VM operation: G1Concurrent
Event: 1183.541 Executing VM operation: G1Concurrent done
Event: 1183.554 Executing VM operation: G1Concurrent
Event: 1183.554 Executing VM operation: G1Concurrent done
Event: 1223.847 Executing VM operation: Cleanup
Event: 1223.847 Executing VM operation: Cleanup done
Event: 1289.239 Executing VM operation: Cleanup
Event: 1289.240 Executing VM operation: Cleanup done
Event: 1299.315 Executing VM operation: Cleanup
Event: 1299.315 Executing VM operation: Cleanup done
Event: 1307.364 Executing VM operation: Cleanup
Event: 1307.364 Executing VM operation: Cleanup done
Event: 1333.444 Executing VM operation: G1CollectForAllocation
Event: 1333.446 Executing VM operation: G1CollectForAllocation done
Event: 1334.449 Executing VM operation: Cleanup
Event: 1334.449 Executing VM operation: Cleanup done
Event: 1343.437 Executing VM operation: G1CollectForAllocation
Event: 1343.441 Executing VM operation: G1CollectForAllocation done
Event: 1388.773 Executing VM operation: Cleanup
Event: 1388.773 Executing VM operation: Cleanup done

Events (20 events):
Event: 26.653 loading class java/util/regex/Pattern$Bound done
Event: 26.823 loading class java/time/format/DateTimeFormatterBuilder$ZoneTextPrinterParser
Event: 26.824 loading class java/time/format/DateTimeFormatterBuilder$ZoneTextPrinterParser done
Event: 26.824 loading class java/time/format/DateTimeFormatterBuilder$ReducedPrinterParser
Event: 26.825 loading class java/time/format/DateTimeFormatterBuilder$ReducedPrinterParser done
Event: 26.862 loading class java/util/ArrayDeque$DescendingIterator
Event: 26.862 loading class java/util/ArrayDeque$DescendingIterator done
Event: 27.058 Thread 0x00000238a336dd00 Thread exited: 0x00000238a336dd00
Event: 90.881 Thread 0x00000238a2f4e030 Thread exited: 0x00000238a2f4e030
Event: 180.975 Thread 0x00000238a669f7f0 Thread exited: 0x00000238a669f7f0
Event: 183.514 Thread 0x00000238a669f7f0 Thread added: 0x00000238a669f7f0
Event: 271.025 Thread 0x00000238a669f7f0 Thread exited: 0x00000238a669f7f0
Event: 278.458 Thread 0x00000238a669f7f0 Thread added: 0x00000238a669f7f0
Event: 353.465 Thread 0x000002385c958770 flushing nmethod 0x00000238463ac510
Event: 353.467 Thread 0x000002385c958770 flushing nmethod 0x0000023846696090
Event: 353.467 Thread 0x000002385c958770 flushing nmethod 0x0000023846697f10
Event: 376.715 Thread 0x00000238a669f7f0 Thread exited: 0x00000238a669f7f0
Event: 658.442 Thread 0x00000238a669f7f0 Thread added: 0x00000238a669f7f0
Event: 766.741 Thread 0x00000238a669f7f0 Thread exited: 0x00000238a669f7f0
Event: 1433.473 Thread 0x00000238a669f7f0 Thread added: 0x00000238a669f7f0


Dynamic libraries:
0x00007ff756d20000 - 0x00007ff756d30000 	C:\Program Files\Java\jdk-17\bin\java.exe
0x00007fff6cda0000 - 0x00007fff6d000000 	C:\WINDOWS\SYSTEM32\ntdll.dll
0x00007fff6b2a0000 - 0x00007fff6b367000 	C:\WINDOWS\System32\KERNEL32.DLL
0x00007fff6a710000 - 0x00007fff6aada000 	C:\WINDOWS\System32\KERNELBASE.dll
0x00007fff6a440000 - 0x00007fff6a58b000 	C:\WINDOWS\System32\ucrtbase.dll
0x00007fff22b10000 - 0x00007fff22b29000 	C:\Program Files\Java\jdk-17\bin\jli.dll
0x00007fff22760000 - 0x00007fff2277b000 	C:\Program Files\Java\jdk-17\bin\VCRUNTIME140.dll
0x00007fff6ca00000 - 0x00007fff6cab2000 	C:\WINDOWS\System32\ADVAPI32.dll
0x00007fff6b370000 - 0x00007fff6b419000 	C:\WINDOWS\System32\msvcrt.dll
0x00007fff6cc30000 - 0x00007fff6ccd6000 	C:\WINDOWS\System32\sechost.dll
0x00007fff6b180000 - 0x00007fff6b296000 	C:\WINDOWS\System32\RPCRT4.dll
0x00007fff6ae60000 - 0x00007fff6b02c000 	C:\WINDOWS\System32\USER32.dll
0x00007fff4f8c0000 - 0x00007fff4fb57000 	C:\WINDOWS\WinSxS\amd64_microsoft.windows.common-controls_6595b64144ccf1df_6.0.26100.3624_none_3e086962e3345f24\COMCTL32.dll
0x00007fff6ab70000 - 0x00007fff6ab97000 	C:\WINDOWS\System32\win32u.dll
0x00007fff6ae00000 - 0x00007fff6ae2a000 	C:\WINDOWS\System32\GDI32.dll
0x00007fff6a260000 - 0x00007fff6a391000 	C:\WINDOWS\System32\gdi32full.dll
0x00007fff69f80000 - 0x00007fff6a023000 	C:\WINDOWS\System32\msvcp_win.dll
0x00007fff59020000 - 0x00007fff5902b000 	C:\WINDOWS\SYSTEM32\VERSION.dll
0x00007fff6adc0000 - 0x00007fff6adef000 	C:\WINDOWS\System32\IMM32.DLL
0x00007fff54870000 - 0x00007fff5487c000 	C:\Program Files\Java\jdk-17\bin\vcruntime140_1.dll
0x00007ffef8d60000 - 0x00007ffef8dee000 	C:\Program Files\Java\jdk-17\bin\msvcp140.dll
0x00007ffed56e0000 - 0x00007ffed62c0000 	C:\Program Files\Java\jdk-17\bin\server\jvm.dll
0x00007fff6b420000 - 0x00007fff6b428000 	C:\WINDOWS\System32\PSAPI.DLL
0x00007fff29560000 - 0x00007fff2956a000 	C:\WINDOWS\SYSTEM32\WSOCK32.dll
0x00007fff60bf0000 - 0x00007fff60c26000 	C:\WINDOWS\SYSTEM32\WINMM.dll
0x00007fff6be20000 - 0x00007fff6be94000 	C:\WINDOWS\System32\WS2_32.dll
0x00007fff68d90000 - 0x00007fff68daa000 	C:\WINDOWS\SYSTEM32\kernel.appcore.dll
0x00007fff529f0000 - 0x00007fff529fa000 	C:\Program Files\Java\jdk-17\bin\jimage.dll
0x00007fff67730000 - 0x00007fff67971000 	C:\WINDOWS\SYSTEM32\DBGHELP.DLL
0x00007fff6c510000 - 0x00007fff6c892000 	C:\WINDOWS\System32\combase.dll
0x00007fff6b0a0000 - 0x00007fff6b176000 	C:\WINDOWS\System32\OLEAUT32.dll
0x00007fff4a780000 - 0x00007fff4a7b9000 	C:\WINDOWS\SYSTEM32\dbgcore.DLL
0x00007fff6a3a0000 - 0x00007fff6a439000 	C:\WINDOWS\System32\bcryptPrimitives.dll
0x00007fff22430000 - 0x00007fff22455000 	C:\Program Files\Java\jdk-17\bin\java.dll
0x00007ffef8110000 - 0x00007ffef81e7000 	C:\Program Files\Java\jdk-17\bin\jsvml.dll
0x00007fff6b6a0000 - 0x00007fff6bdc9000 	C:\WINDOWS\System32\SHELL32.dll
0x00007fff6a0f0000 - 0x00007fff6a258000 	C:\WINDOWS\System32\wintypes.dll
0x00007fff67bf0000 - 0x00007fff68442000 	C:\WINDOWS\SYSTEM32\windows.storage.dll
0x00007fff6cb40000 - 0x00007fff6cc2d000 	C:\WINDOWS\System32\SHCORE.dll
0x00007fff6ad50000 - 0x00007fff6adb4000 	C:\WINDOWS\System32\shlwapi.dll
0x00007fff69e90000 - 0x00007fff69ebf000 	C:\WINDOWS\SYSTEM32\profapi.dll
0x00007fff22410000 - 0x00007fff22429000 	C:\Program Files\Java\jdk-17\bin\net.dll
0x00007fff634c0000 - 0x00007fff635dd000 	C:\WINDOWS\SYSTEM32\WINHTTP.dll
0x00007fff692b0000 - 0x00007fff6931a000 	C:\WINDOWS\system32\mswsock.dll
0x00007fff21f60000 - 0x00007fff21f76000 	C:\Program Files\Java\jdk-17\bin\nio.dll
0x00007fff1eae0000 - 0x00007fff1eaf8000 	C:\Program Files\Java\jdk-17\bin\zip.dll
0x00007fff528e0000 - 0x00007fff528ea000 	C:\Program Files\Java\jdk-17\bin\management.dll
0x00007fff4f820000 - 0x00007fff4f82b000 	C:\Program Files\Java\jdk-17\bin\management_ext.dll
0x00007fff44810000 - 0x00007fff44828000 	C:\WINDOWS\system32\napinsp.dll
0x00007fff68860000 - 0x00007fff68985000 	C:\WINDOWS\SYSTEM32\DNSAPI.dll
0x00007fff68820000 - 0x00007fff68853000 	C:\WINDOWS\SYSTEM32\IPHLPAPI.DLL
0x00007fff6ae50000 - 0x00007fff6ae5a000 	C:\WINDOWS\System32\NSI.dll
0x00007fff443a0000 - 0x00007fff443b2000 	C:\WINDOWS\System32\winrnr.dll
0x00007fff44360000 - 0x00007fff44390000 	C:\WINDOWS\system32\nlansp_c.dll
0x00007fff44250000 - 0x00007fff44266000 	C:\WINDOWS\system32\wshbth.dll
0x00007fff608d0000 - 0x00007fff608db000 	C:\Windows\System32\rasadhlp.dll
0x00007fff63f50000 - 0x00007fff63fd5000 	C:\WINDOWS\System32\fwpuclnt.dll
0x00007fff69550000 - 0x00007fff6956c000 	C:\WINDOWS\SYSTEM32\CRYPTSP.dll
0x00007fff68cf0000 - 0x00007fff68d2a000 	C:\WINDOWS\system32\rsaenh.dll
0x00007fff69350000 - 0x00007fff6937b000 	C:\WINDOWS\SYSTEM32\USERENV.dll
0x00007fff69e60000 - 0x00007fff69e86000 	C:\WINDOWS\SYSTEM32\bcrypt.dll
0x00007fff69570000 - 0x00007fff6957c000 	C:\WINDOWS\SYSTEM32\CRYPTBASE.dll
0x00007fff63aa0000 - 0x00007fff63abf000 	C:\WINDOWS\SYSTEM32\dhcpcsvc6.DLL
0x00007fff635f0000 - 0x00007fff63615000 	C:\WINDOWS\SYSTEM32\dhcpcsvc.DLL
0x00007fff4b530000 - 0x00007fff4b53e000 	C:\Program Files\Java\jdk-17\bin\sunmscapi.dll
0x00007fff6a590000 - 0x00007fff6a707000 	C:\WINDOWS\System32\CRYPT32.dll
0x00007fff69750000 - 0x00007fff69780000 	C:\WINDOWS\SYSTEM32\ncrypt.dll
0x00007fff69700000 - 0x00007fff6973f000 	C:\WINDOWS\SYSTEM32\NTASN1.dll
0x00007fff4bc30000 - 0x00007fff4bc40000 	C:\Program Files\Java\jdk-17\bin\verify.dll
0x00007fff30250000 - 0x00007fff30258000 	C:\WINDOWS\system32\wshunix.dll

dbghelp: loaded successfully - version: 4.0.5 - missing functions: none
symbol engine: initialized successfully - sym options: 0x614 - pdb path: .;C:\Program Files\Java\jdk-17\bin;C:\WINDOWS\SYSTEM32;C:\WINDOWS\WinSxS\amd64_microsoft.windows.common-controls_6595b64144ccf1df_6.0.26100.3624_none_3e086962e3345f24;C:\Program Files\Java\jdk-17\bin\server

VM Arguments:
jvm_args: -Dcom.sun.management.jmxremote -Dcom.sun.management.jmxremote.port=62834 -Dcom.sun.management.jmxremote.authenticate=false -Dcom.sun.management.jmxremote.ssl=false -Dspring.jmx.enabled=true -Djava.rmi.server.hostname=localhost -Dspring.application.admin.enabled=true -Dspring.boot.project.name=loja -XX:+ShowCodeDetailsInExceptionMessages -Dmanagement.endpoints.jmx.exposure.include=* 
java_command: com.example.loja.LojaApplication
java_class_path (initial): C:\Users\vinic\Downloads\projeto-loja-completo\target\classes;C:\Users\vinic\.m2\repository\org\springframework\boot\spring-boot-starter-actuator\3.4.5\spring-boot-starter-actuator-3.4.5.jar;C:\Users\vinic\.m2\repository\org\springframework\boot\spring-boot-starter\3.4.5\spring-boot-starter-3.4.5.jar;C:\Users\vinic\.m2\repository\org\springframework\boot\spring-boot-starter-logging\3.4.5\spring-boot-starter-logging-3.4.5.jar;C:\Users\vinic\.m2\repository\ch\qos\logback\logback-classic\1.5.18\logback-classic-1.5.18.jar;C:\Users\vinic\.m2\repository\ch\qos\logback\logback-core\1.5.18\logback-core-1.5.18.jar;C:\Users\vinic\.m2\repository\org\apache\logging\log4j\log4j-to-slf4j\2.24.3\log4j-to-slf4j-2.24.3.jar;C:\Users\vinic\.m2\repository\org\apache\logging\log4j\log4j-api\2.24.3\log4j-api-2.24.3.jar;C:\Users\vinic\.m2\repository\org\slf4j\jul-to-slf4j\2.0.17\jul-to-slf4j-2.0.17.jar;C:\Users\vinic\.m2\repository\jakarta\annotation\jakarta.annotation-api\2.1.1\jakarta.annotation-api-2.1.1.jar;C:\Users\vinic\.m2\repository\org\yaml\snakeyaml\2.3\snakeyaml-2.3.jar;C:\Users\vinic\.m2\repository\org\springframework\boot\spring-boot-actuator-autoconfigure\3.4.5\spring-boot-actuator-autoconfigure-3.4.5.jar;C:\Users\vinic\.m2\repository\org\springframework\boot\spring-boot-actuator\3.4.5\spring-boot-actuator-3.4.5.jar;C:\Users\vinic\.m2\repository\com\fasterxml\jackson\core\jackson-databind\2.18.3\jackson-databind-2.18.3.jar;C:\Users\vinic\.m2\repository\com\fasterxml\jackson\core\jackson-annotations\2.18.3\jackson-annotations-2.18.3.jar;C:\Users\vinic\.m2\repository\com\fasterxml\jackson\core\jackson-core\2.18.3\jackson-core-2.18.3.jar;C:\Users\vinic\.m2\repository\com\fasterxml\jackson\datatype\jackson-datatype-jsr310\2.18.3\jackson-datatype-jsr310-2.18.3.jar;C:\Users\vinic\.m2\repository\io\micrometer\micrometer-observation\1.14.6\micrometer-observation-1.14.6.jar;C:\Users\vinic\.m2\repository\io\micrometer\micrometer-commons\1.14.6\micrometer-c
Launcher Type: SUN_STANDARD

[Global flags]
     intx CICompilerCount                          = 4                                         {product} {ergonomic}
     uint ConcGCThreads                            = 2                                         {product} {ergonomic}
     uint G1ConcRefinementThreads                  = 8                                         {product} {ergonomic}
   size_t G1HeapRegionSize                         = 1048576                                   {product} {ergonomic}
    uintx GCDrainStackTargetSize                   = 64                                        {product} {ergonomic}
   size_t InitialHeapSize                          = 132120576                                 {product} {ergonomic}
     bool ManagementServer                         = true                                      {product} {command line}
   size_t MarkStackSize                            = 4194304                                   {product} {ergonomic}
   size_t MaxHeapSize                              = 2090860544                                {product} {ergonomic}
   size_t MaxNewSize                               = 1254096896                                {product} {ergonomic}
   size_t MinHeapDeltaBytes                        = 1048576                                   {product} {ergonomic}
   size_t MinHeapSize                              = 8388608                                   {product} {ergonomic}
    uintx NonNMethodCodeHeapSize                   = 5839372                                {pd product} {ergonomic}
    uintx NonProfiledCodeHeapSize                  = 122909434                              {pd product} {ergonomic}
    uintx ProfiledCodeHeapSize                     = 122909434                              {pd product} {ergonomic}
    uintx ReservedCodeCacheSize                    = 251658240                              {pd product} {ergonomic}
     bool SegmentedCodeCache                       = true                                      {product} {ergonomic}
     bool ShowCodeDetailsInExceptionMessages       = true                                   {manageable} {command line}
   size_t SoftMaxHeapSize                          = 2090860544                             {manageable} {ergonomic}
     bool UseCompressedClassPointers               = true                           {product lp64_product} {ergonomic}
     bool UseCompressedOops                        = true                           {product lp64_product} {ergonomic}
     bool UseG1GC                                  = true                                      {product} {ergonomic}
     bool UseLargePagesIndividualAllocation        = false                                  {pd product} {ergonomic}

Logging:
Log output configuration:
 #0: stdout all=warning uptime,level,tags
 #1: stderr all=off uptime,level,tags

Environment Variables:
JAVA_HOME=C:\Program Files\Java\jdk-21
PATH=C:\Program Files\Common Files\Oracle\Java\javapath;C:\Program Files (x86)\Common Files\Oracle\Java\javapath;C:\WINDOWS\system32;C:\WINDOWS;C:\WINDOWS\System32\Wbem;C:\WINDOWS\System32\WindowsPowerShell\v1.0\;C:\WINDOWS\System32\OpenSSH\;C:\Users\vinic\AppData\Local\Microsoft\WindowsApps;C:\Program Files\Java\jdk-21\bin;C:\Users\vinic\AppData\Local\Programs\Microsoft VS Code\bin;
USERNAME=vinic
LANG=pt_BR.UTF-8
OS=Windows_NT
PROCESSOR_IDENTIFIER=Intel64 Family 6 Model 140 Stepping 1, GenuineIntel



---------------  S Y S T E M  ---------------

OS:
 Windows 11 , 64 bit Build 26100 (10.0.26100.3775)
OS uptime: 3 days 4:40 hours
Hyper-V role detected

CPU: total 8 (initial active 8) (4 cores per cpu, 2 threads per core) family 6 model 140 stepping 1 microcode 0xaa, cx8, cmov, fxsr, ht, mmx, 3dnowpref, sse, sse2, sse3, ssse3, sse4.1, sse4.2, popcnt, lzcnt, tsc, tscinvbit, avx, avx2, aes, erms, clmul, bmi1, bmi2, adx, avx512f, avx512dq, avx512cd, avx512bw, avx512vl, sha, fma, vzeroupper, avx512_vpopcntdq, avx512_vpclmulqdq, avx512_vaes, avx512_vnni, clflush, clflushopt, clwb, avx512_vbmi2, avx512_vbmi, hv

Memory: 4k page, system-wide physical 7975M (1256M free)
TotalPageFile size 18057M (AvailPageFile size 1015M)
current process WorkingSet (physical memory assigned to process): 126M, peak: 275M
current process commit charge ("private bytes"): 366M, peak: 373M

vm_info: Java HotSpot(TM) 64-Bit Server VM (17.0.11+7-LTS-207) for windows-amd64 JRE (17.0.11+7-LTS-207), built on Mar 11 2024 19:01:50 by "mach5one" with MS VC++ 17.6 (VS2022)

END.
